[0.112s] DEBUG:colcon:Command line arguments: ['/usr/bin/colcon', 'build', '--packages-select', 'luna_bot']
[0.112s] DEBUG:colcon:Parsed command line arguments: Namespace(log_base=None, log_level=None, verb_name='build', build_base='build', install_base='install', merge_install=False, symlink_install=False, test_result_base=None, continue_on_error=False, executor='parallel', parallel_workers=16, event_handlers=None, ignore_user_meta=False, metas=['./colcon.meta'], base_paths=['.'], packages_ignore=None, packages_ignore_regex=None, paths=None, packages_up_to=None, packages_up_to_regex=None, packages_above=None, packages_above_and_dependencies=None, packages_above_depth=None, packages_select_by_dep=None, packages_skip_by_dep=None, packages_skip_up_to=None, packages_select_build_failed=False, packages_skip_build_finished=False, packages_select_test_failures=False, packages_skip_test_passed=False, packages_select=['luna_bot'], packages_skip=None, packages_select_regex=None, packages_skip_regex=None, packages_start=None, packages_end=None, allow_overriding=[], cmake_args=None, cmake_target=None, cmake_target_skip_unavailable=False, cmake_clean_cache=False, cmake_clean_first=False, cmake_force_configure=False, ament_cmake_args=None, catkin_cmake_args=None, catkin_skip_building_tests=False, verb_parser=<colcon_defaults.argument_parser.defaults.DefaultArgumentsDecorator object at 0x73ea4e6258a0>, verb_extension=<colcon_core.verb.build.BuildVerb object at 0x73ea4e625390>, main=<bound method BuildVerb.main of <colcon_core.verb.build.BuildVerb object at 0x73ea4e625390>>)
[0.298s] Level 1:colcon.colcon_core.package_discovery:discover_packages(colcon_meta) check parameters
[0.298s] Level 1:colcon.colcon_core.package_discovery:discover_packages(recursive) check parameters
[0.298s] Level 1:colcon.colcon_core.package_discovery:discover_packages(ignore) check parameters
[0.298s] Level 1:colcon.colcon_core.package_discovery:discover_packages(path) check parameters
[0.298s] Level 1:colcon.colcon_core.package_discovery:discover_packages(colcon_meta) discover
[0.298s] Level 1:colcon.colcon_core.package_discovery:discover_packages(recursive) discover
[0.298s] INFO:colcon.colcon_core.package_discovery:Crawling recursively for packages in '/home/dk/luna/src/luna_bot'
[0.298s] Level 1:colcon.colcon_core.package_identification:_identify(.) by extensions ['ignore', 'ignore_ament_install']
[0.298s] Level 1:colcon.colcon_core.package_identification:_identify(.) by extension 'ignore'
[0.298s] Level 1:colcon.colcon_core.package_identification:_identify(.) by extension 'ignore_ament_install'
[0.298s] Level 1:colcon.colcon_core.package_identification:_identify(.) by extensions ['colcon_pkg']
[0.298s] Level 1:colcon.colcon_core.package_identification:_identify(.) by extension 'colcon_pkg'
[0.298s] Level 1:colcon.colcon_core.package_identification:_identify(.) by extensions ['colcon_meta']
[0.298s] Level 1:colcon.colcon_core.package_identification:_identify(.) by extension 'colcon_meta'
[0.298s] Level 1:colcon.colcon_core.package_identification:_identify(.) by extensions ['ros']
[0.298s] Level 1:colcon.colcon_core.package_identification:_identify(.) by extension 'ros'
[0.312s] DEBUG:colcon.colcon_core.package_identification:Package '.' with type 'ros.ament_cmake' and name 'luna_bot'
[0.312s] Level 1:colcon.colcon_core.package_discovery:discover_packages(recursive) using defaults
[0.312s] Level 1:colcon.colcon_core.package_discovery:discover_packages(ignore) discover
[0.313s] Level 1:colcon.colcon_core.package_discovery:discover_packages(ignore) using defaults
[0.313s] Level 1:colcon.colcon_core.package_discovery:discover_packages(path) discover
[0.313s] Level 1:colcon.colcon_core.package_discovery:discover_packages(path) using defaults
[0.329s] Level 1:colcon.colcon_core.package_discovery:discover_packages(prefix_path) check parameters
[0.329s] Level 1:colcon.colcon_core.package_discovery:discover_packages(prefix_path) discover
[0.331s] DEBUG:colcon.colcon_installed_package_information.package_discovery:Found 475 installed packages in /opt/ros/humble
[0.333s] Level 1:colcon.colcon_core.package_discovery:discover_packages(prefix_path) using defaults
[0.366s] Level 5:colcon.colcon_core.verb:set package 'luna_bot' build argument 'cmake_args' from command line to 'None'
[0.366s] Level 5:colcon.colcon_core.verb:set package 'luna_bot' build argument 'cmake_target' from command line to 'None'
[0.366s] Level 5:colcon.colcon_core.verb:set package 'luna_bot' build argument 'cmake_target_skip_unavailable' from command line to 'False'
[0.366s] Level 5:colcon.colcon_core.verb:set package 'luna_bot' build argument 'cmake_clean_cache' from command line to 'False'
[0.366s] Level 5:colcon.colcon_core.verb:set package 'luna_bot' build argument 'cmake_clean_first' from command line to 'False'
[0.366s] Level 5:colcon.colcon_core.verb:set package 'luna_bot' build argument 'cmake_force_configure' from command line to 'False'
[0.366s] Level 5:colcon.colcon_core.verb:set package 'luna_bot' build argument 'ament_cmake_args' from command line to 'None'
[0.366s] Level 5:colcon.colcon_core.verb:set package 'luna_bot' build argument 'catkin_cmake_args' from command line to 'None'
[0.366s] Level 5:colcon.colcon_core.verb:set package 'luna_bot' build argument 'catkin_skip_building_tests' from command line to 'False'
[0.366s] DEBUG:colcon.colcon_core.verb:Building package 'luna_bot' with the following arguments: {'ament_cmake_args': None, 'build_base': '/home/dk/luna/src/luna_bot/build/luna_bot', 'catkin_cmake_args': None, 'catkin_skip_building_tests': False, 'cmake_args': None, 'cmake_clean_cache': False, 'cmake_clean_first': False, 'cmake_force_configure': False, 'cmake_target': None, 'cmake_target_skip_unavailable': False, 'install_base': '/home/dk/luna/src/luna_bot/install/luna_bot', 'merge_install': False, 'path': '/home/dk/luna/src/luna_bot', 'symlink_install': False, 'test_result_base': None}
[0.366s] INFO:colcon.colcon_core.executor:Executing jobs using 'parallel' executor
[0.367s] DEBUG:colcon.colcon_parallel_executor.executor.parallel:run_until_complete
[0.367s] INFO:colcon.colcon_ros.task.ament_cmake.build:Building ROS package in '/home/dk/luna/src/luna_bot' with build type 'ament_cmake'
[0.367s] INFO:colcon.colcon_cmake.task.cmake.build:Building CMake package in '/home/dk/luna/src/luna_bot'
[0.369s] INFO:colcon.colcon_core.plugin_system:Skipping extension 'colcon_core.shell.bat': Not used on non-Windows systems
[0.369s] INFO:colcon.colcon_core.shell:Skip shell extension 'powershell' for command environment: Not usable outside of PowerShell
[0.369s] DEBUG:colcon.colcon_core.shell:Skip shell extension 'dsv' for command environment
[0.376s] DEBUG:colcon.colcon_core.event_handler.log_command:Invoking command in '/home/dk/luna/src/luna_bot/build/luna_bot': CMAKE_PREFIX_PATH=/opt/ros/humble /usr/bin/cmake /home/dk/luna/src/luna_bot -DCMAKE_INSTALL_PREFIX=/home/dk/luna/src/luna_bot/install/luna_bot
[0.932s] DEBUG:colcon.colcon_core.event_handler.log_command:Invoked command in '/home/dk/luna/src/luna_bot/build/luna_bot' returned '0': CMAKE_PREFIX_PATH=/opt/ros/humble /usr/bin/cmake /home/dk/luna/src/luna_bot -DCMAKE_INSTALL_PREFIX=/home/dk/luna/src/luna_bot/install/luna_bot
[0.933s] DEBUG:colcon.colcon_core.event_handler.log_command:Invoking command in '/home/dk/luna/src/luna_bot/build/luna_bot': CMAKE_PREFIX_PATH=/opt/ros/humble /usr/bin/cmake --build /home/dk/luna/src/luna_bot/build/luna_bot -- -j16 -l16
[0.961s] DEBUG:colcon.colcon_core.event_handler.log_command:Invoked command in '/home/dk/luna/src/luna_bot/build/luna_bot' returned '0': CMAKE_PREFIX_PATH=/opt/ros/humble /usr/bin/cmake --build /home/dk/luna/src/luna_bot/build/luna_bot -- -j16 -l16
[0.967s] DEBUG:colcon.colcon_core.event_handler.log_command:Invoking command in '/home/dk/luna/src/luna_bot/build/luna_bot': CMAKE_PREFIX_PATH=/opt/ros/humble /usr/bin/cmake --install /home/dk/luna/src/luna_bot/build/luna_bot
[0.976s] Level 1:colcon.colcon_core.environment:create_environment_scripts_only(luna_bot)
[0.976s] DEBUG:colcon.colcon_core.event_handler.log_command:Invoked command in '/home/dk/luna/src/luna_bot/build/luna_bot' returned '0': CMAKE_PREFIX_PATH=/opt/ros/humble /usr/bin/cmake --install /home/dk/luna/src/luna_bot/build/luna_bot
[0.978s] Level 1:colcon.colcon_core.environment:checking '/home/dk/luna/src/luna_bot/install/luna_bot' for CMake module files
[0.979s] Level 1:colcon.colcon_core.environment:checking '/home/dk/luna/src/luna_bot/install/luna_bot' for CMake config files
[0.979s] Level 1:colcon.colcon_core.shell:create_environment_hook('luna_bot', 'cmake_prefix_path')
[0.979s] INFO:colcon.colcon_core.shell:Creating environment hook '/home/dk/luna/src/luna_bot/install/luna_bot/share/luna_bot/hook/cmake_prefix_path.ps1'
[0.980s] INFO:colcon.colcon_core.shell:Creating environment descriptor '/home/dk/luna/src/luna_bot/install/luna_bot/share/luna_bot/hook/cmake_prefix_path.dsv'
[0.980s] INFO:colcon.colcon_core.shell:Creating environment hook '/home/dk/luna/src/luna_bot/install/luna_bot/share/luna_bot/hook/cmake_prefix_path.sh'
[0.981s] Level 1:colcon.colcon_core.environment:checking '/home/dk/luna/src/luna_bot/install/luna_bot/bin'
[0.981s] Level 1:colcon.colcon_core.environment:checking '/home/dk/luna/src/luna_bot/install/luna_bot/lib/pkgconfig/luna_bot.pc'
[0.981s] Level 1:colcon.colcon_core.environment:checking '/home/dk/luna/src/luna_bot/install/luna_bot/lib/python3.10/site-packages'
[0.982s] Level 1:colcon.colcon_core.environment:checking '/home/dk/luna/src/luna_bot/install/luna_bot/bin'
[0.982s] INFO:colcon.colcon_core.shell:Creating package script '/home/dk/luna/src/luna_bot/install/luna_bot/share/luna_bot/package.ps1'
[0.983s] INFO:colcon.colcon_core.shell:Creating package descriptor '/home/dk/luna/src/luna_bot/install/luna_bot/share/luna_bot/package.dsv'
[0.983s] INFO:colcon.colcon_core.shell:Creating package script '/home/dk/luna/src/luna_bot/install/luna_bot/share/luna_bot/package.sh'
[0.984s] INFO:colcon.colcon_core.shell:Creating package script '/home/dk/luna/src/luna_bot/install/luna_bot/share/luna_bot/package.bash'
[0.984s] INFO:colcon.colcon_core.shell:Creating package script '/home/dk/luna/src/luna_bot/install/luna_bot/share/luna_bot/package.zsh'
[0.985s] Level 1:colcon.colcon_core.environment:create_file_with_runtime_dependencies(/home/dk/luna/src/luna_bot/install/luna_bot/share/colcon-core/packages/luna_bot)
[0.985s] Level 1:colcon.colcon_core.environment:create_environment_scripts_only(luna_bot)
[0.986s] Level 1:colcon.colcon_core.environment:checking '/home/dk/luna/src/luna_bot/install/luna_bot' for CMake module files
[0.986s] Level 1:colcon.colcon_core.environment:checking '/home/dk/luna/src/luna_bot/install/luna_bot' for CMake config files
[0.986s] Level 1:colcon.colcon_core.shell:create_environment_hook('luna_bot', 'cmake_prefix_path')
[0.986s] INFO:colcon.colcon_core.shell:Creating environment hook '/home/dk/luna/src/luna_bot/install/luna_bot/share/luna_bot/hook/cmake_prefix_path.ps1'
[0.987s] INFO:colcon.colcon_core.shell:Creating environment descriptor '/home/dk/luna/src/luna_bot/install/luna_bot/share/luna_bot/hook/cmake_prefix_path.dsv'
[0.987s] INFO:colcon.colcon_core.shell:Creating environment hook '/home/dk/luna/src/luna_bot/install/luna_bot/share/luna_bot/hook/cmake_prefix_path.sh'
[0.987s] Level 1:colcon.colcon_core.environment:checking '/home/dk/luna/src/luna_bot/install/luna_bot/bin'
[0.987s] Level 1:colcon.colcon_core.environment:checking '/home/dk/luna/src/luna_bot/install/luna_bot/lib/pkgconfig/luna_bot.pc'
[0.988s] Level 1:colcon.colcon_core.environment:checking '/home/dk/luna/src/luna_bot/install/luna_bot/lib/python3.10/site-packages'
[0.988s] Level 1:colcon.colcon_core.environment:checking '/home/dk/luna/src/luna_bot/install/luna_bot/bin'
[0.988s] INFO:colcon.colcon_core.shell:Creating package script '/home/dk/luna/src/luna_bot/install/luna_bot/share/luna_bot/package.ps1'
[0.988s] INFO:colcon.colcon_core.shell:Creating package descriptor '/home/dk/luna/src/luna_bot/install/luna_bot/share/luna_bot/package.dsv'
[0.989s] INFO:colcon.colcon_core.shell:Creating package script '/home/dk/luna/src/luna_bot/install/luna_bot/share/luna_bot/package.sh'
[0.989s] INFO:colcon.colcon_core.shell:Creating package script '/home/dk/luna/src/luna_bot/install/luna_bot/share/luna_bot/package.bash'
[0.989s] INFO:colcon.colcon_core.shell:Creating package script '/home/dk/luna/src/luna_bot/install/luna_bot/share/luna_bot/package.zsh'
[0.989s] Level 1:colcon.colcon_core.environment:create_file_with_runtime_dependencies(/home/dk/luna/src/luna_bot/install/luna_bot/share/colcon-core/packages/luna_bot)
[0.990s] DEBUG:colcon.colcon_parallel_executor.executor.parallel:closing loop
[0.990s] DEBUG:colcon.colcon_parallel_executor.executor.parallel:loop closed
[0.990s] DEBUG:colcon.colcon_parallel_executor.executor.parallel:run_until_complete finished with '0'
[0.990s] DEBUG:colcon.colcon_core.event_reactor:joining thread
[0.994s] INFO:colcon.colcon_core.plugin_system:Skipping extension 'colcon_notification.desktop_notification.terminal_notifier': Not used on non-Darwin systems
[0.994s] INFO:colcon.colcon_core.plugin_system:Skipping extension 'colcon_notification.desktop_notification.win32': Not used on non-Windows systems
[0.994s] INFO:colcon.colcon_notification.desktop_notification:Sending desktop notification using 'notify2'
[1.012s] DEBUG:colcon.colcon_core.event_reactor:joined thread
[1.012s] INFO:colcon.colcon_core.shell:Creating prefix script '/home/dk/luna/src/luna_bot/install/local_setup.ps1'
[1.013s] INFO:colcon.colcon_core.shell:Creating prefix util module '/home/dk/luna/src/luna_bot/install/_local_setup_util_ps1.py'
[1.014s] INFO:colcon.colcon_core.shell:Creating prefix chain script '/home/dk/luna/src/luna_bot/install/setup.ps1'
[1.014s] INFO:colcon.colcon_core.shell:Creating prefix script '/home/dk/luna/src/luna_bot/install/local_setup.sh'
[1.015s] INFO:colcon.colcon_core.shell:Creating prefix util module '/home/dk/luna/src/luna_bot/install/_local_setup_util_sh.py'
[1.015s] INFO:colcon.colcon_core.shell:Creating prefix chain script '/home/dk/luna/src/luna_bot/install/setup.sh'
[1.016s] INFO:colcon.colcon_core.shell:Creating prefix script '/home/dk/luna/src/luna_bot/install/local_setup.bash'
[1.017s] INFO:colcon.colcon_core.shell:Creating prefix chain script '/home/dk/luna/src/luna_bot/install/setup.bash'
[1.018s] INFO:colcon.colcon_core.shell:Creating prefix script '/home/dk/luna/src/luna_bot/install/local_setup.zsh'
[1.018s] INFO:colcon.colcon_core.shell:Creating prefix chain script '/home/dk/luna/src/luna_bot/install/setup.zsh'
